# JRE version: OpenJDK Runtime Environment (8.0_202-b03) (build 1.8.0_202-release-1483-b03)
# Java VM: OpenJDK 64-Bit Server VM (25.202-b03 mixed mode windows-amd64 compressed oops)
Heap:
 PSYoungGen      total 87552K, used 37495K [0x00000000e0000000, 0x00000000e7d00000, 0x0000000100000000)
  eden space 79872K, 37% used [0x00000000e0000000,0x00000000e1d24950,0x00000000e4e00000)
  from space 7680K, 99% used [0x00000000e4e00000,0x00000000e5579470,0x00000000e5580000)
  to   space 9728K, 0% used [0x00000000e7380000,0x00000000e7380000,0x00000000e7d00000)
 ParOldGen       total 57344K, used 19165K [0x00000000a0000000, 0x00000000a3800000, 0x00000000e0000000)
  object space 57344K, 33% used [0x00000000a0000000,0x00000000a12b77a8,0x00000000a3800000)
 Metaspace       used 45352K, capacity 46246K, committed 46552K, reserved 1089536K
  class space    used 6087K, capacity 6358K, committed 6360K, reserved 1048576K
GC Heap History (10 events):
Event: 80.351 GC heap before
{Heap before GC invocations=13 (full 1):
 PSYoungGen      total 58368K, used 58349K [0x00000000e0000000, 0x00000000e4c00000, 0x0000000100000000)
  eden space 52736K, 100% used [0x00000000e0000000,0x00000000e3380000,0x00000000e3380000)
  from space 5632K, 99% used [0x00000000e3380000,0x00000000e38fb590,0x00000000e3900000)
  to   space 6656K, 0% used [0x00000000e4580000,0x00000000e4580000,0x00000000e4c00000)
 ParOldGen       total 36864K, used 9118K [0x00000000a0000000, 0x00000000a2400000, 0x00000000e0000000)
  object space 36864K, 24% used [0x00000000a0000000,0x00000000a08e7860,0x00000000a2400000)
 Metaspace       used 30647K, capacity 31116K, committed 31488K, reserved 1077248K
  class space    used 4181K, capacity 4339K, committed 4352K, reserved 1048576K
Event: 80.667 GC heap after
Heap after GC invocations=13 (full 1):
 PSYoungGen      total 70144K, used 4216K [0x00000000e0000000, 0x00000000e4b00000, 0x0000000100000000)
  eden space 64512K, 0% used [0x00000000e0000000,0x00000000e0000000,0x00000000e3f00000)
  from space 5632K, 74% used [0x00000000e4580000,0x00000000e499e240,0x00000000e4b00000)
  to   space 6144K, 0% used [0x00000000e3f00000,0x00000000e3f00000,0x00000000e4500000)
 ParOldGen       total 36864K, used 12106K [0x00000000a0000000, 0x00000000a2400000, 0x00000000e0000000)
  object space 36864K, 32% used [0x00000000a0000000,0x00000000a0bd2880,0x00000000a2400000)
 Metaspace       used 30647K, capacity 31116K, committed 31488K, reserved 1077248K
  class space    used 4181K, capacity 4339K, committed 4352K, reserved 1048576K
}
Event: 112.154 GC heap before
{Heap before GC invocations=14 (full 1):
 PSYoungGen      total 70144K, used 68728K [0x00000000e0000000, 0x00000000e4b00000, 0x0000000100000000)
  eden space 64512K, 100% used [0x00000000e0000000,0x00000000e3f00000,0x00000000e3f00000)
  from space 5632K, 74% used [0x00000000e4580000,0x00000000e499e240,0x00000000e4b00000)
  to   space 6144K, 0% used [0x00000000e3f00000,0x00000000e3f00000,0x00000000e4500000)
 ParOldGen       total 36864K, used 12106K [0x00000000a0000000, 0x00000000a2400000, 0x00000000e0000000)
  object space 36864K, 32% used [0x00000000a0000000,0x00000000a0bd2880,0x00000000a2400000)
 Metaspace       used 34067K, capacity 34576K, committed 34816K, reserved 1079296K
  class space    used 4667K, capacity 4819K, committed 4864K, reserved 1048576K
Event: 113.208 GC heap after
Heap after GC invocations=14 (full 1):
 PSYoungGen      total 70656K, used 6115K [0x00000000e0000000, 0x00000000e5d00000, 0x0000000100000000)
  eden space 64512K, 0% used [0x00000000e0000000,0x00000000e0000000,0x00000000e3f00000)
  from space 6144K, 99% used [0x00000000e3f00000,0x00000000e44f8d78,0x00000000e4500000)
  to   space 7680K, 0% used [0x00000000e5580000,0x00000000e5580000,0x00000000e5d00000)
 ParOldGen       total 36864K, used 13780K [0x00000000a0000000, 0x00000000a2400000, 0x00000000e0000000)
  object space 36864K, 37% used [0x00000000a0000000,0x00000000a0d75290,0x00000000a2400000)
 Metaspace       used 34067K, capacity 34576K, committed 34816K, reserved 1079296K
  class space    used 4667K, capacity 4819K, committed 4864K, reserved 1048576K
}
Event: 122.743 GC heap before
{Heap before GC invocations=15 (full 1):
 PSYoungGen      total 70656K, used 16954K [0x00000000e0000000, 0x00000000e5d00000, 0x0000000100000000)
  eden space 64512K, 16% used [0x00000000e0000000,0x00000000e0a95d60,0x00000000e3f00000)
  from space 6144K, 99% used [0x00000000e3f00000,0x00000000e44f8d78,0x00000000e4500000)
  to   space 7680K, 0% used [0x00000000e5580000,0x00000000e5580000,0x00000000e5d00000)
 ParOldGen       total 36864K, used 13780K [0x00000000a0000000, 0x00000000a2400000, 0x00000000e0000000)
  object space 36864K, 37% used [0x00000000a0000000,0x00000000a0d75290,0x00000000a2400000)
 Metaspace       used 34612K, capacity 35240K, committed 35416K, reserved 1079296K
  class space    used 4755K, capacity 4933K, committed 4952K, reserved 1048576K
Event: 123.976 GC heap after
Heap after GC invocations=15 (full 1):
 PSYoungGen      total 87552K, used 1458K [0x00000000e0000000, 0x00000000e6300000, 0x0000000100000000)
  eden space 79872K, 0% used [0x00000000e0000000,0x00000000e0000000,0x00000000e4e00000)
  from space 7680K, 18% used [0x00000000e5580000,0x00000000e56ecb08,0x00000000e5d00000)
  to   space 7680K, 0% used [0x00000000e4e00000,0x00000000e4e00000,0x00000000e5580000)
 ParOldGen       total 36864K, used 18232K [0x00000000a0000000, 0x00000000a2400000, 0x00000000e0000000)
  object space 36864K, 49% used [0x00000000a0000000,0x00000000a11ce2e0,0x00000000a2400000)
 Metaspace       used 34612K, capacity 35240K, committed 35416K, reserved 1079296K
  class space    used 4755K, capacity 4933K, committed 4952K, reserved 1048576K
}
Event: 123.983 GC heap before
{Heap before GC invocations=16 (full 2):
 PSYoungGen      total 87552K, used 1458K [0x00000000e0000000, 0x00000000e6300000, 0x0000000100000000)
  eden space 79872K, 0% used [0x00000000e0000000,0x00000000e0000000,0x00000000e4e00000)
  from space 7680K, 18% used [0x00000000e5580000,0x00000000e56ecb08,0x00000000e5d00000)
  to   space 7680K, 0% used [0x00000000e4e00000,0x00000000e4e00000,0x00000000e5580000)
 ParOldGen       total 36864K, used 18232K [0x00000000a0000000, 0x00000000a2400000, 0x00000000e0000000)
  object space 36864K, 49% used [0x00000000a0000000,0x00000000a11ce2e0,0x00000000a2400000)
 Metaspace       used 34612K, capacity 35240K, committed 35416K, reserved 1079296K
  class space    used 4755K, capacity 4933K, committed 4952K, reserved 1048576K
Event: 126.047 GC heap after
Heap after GC invocations=16 (full 2):
 PSYoungGen      total 87552K, used 0K [0x00000000e0000000, 0x00000000e6300000, 0x0000000100000000)
  eden space 79872K, 0% used [0x00000000e0000000,0x00000000e0000000,0x00000000e4e00000)
  from space 7680K, 0% used [0x00000000e5580000,0x00000000e5580000,0x00000000e5d00000)
  to   space 7680K, 0% used [0x00000000e4e00000,0x00000000e4e00000,0x00000000e5580000)
 ParOldGen       total 57344K, used 15832K [0x00000000a0000000, 0x00000000a3800000, 0x00000000e0000000)
  object space 57344K, 27% used [0x00000000a0000000,0x00000000a0f763c0,0x00000000a3800000)
 Metaspace       used 34612K, capacity 35240K, committed 35416K, reserved 1079296K
  class space    used 4755K, capacity 4933K, committed 4952K, reserved 1048576K
}
Event: 182.938 GC heap before
{Heap before GC invocations=17 (full 2):
 PSYoungGen      total 87552K, used 79872K [0x00000000e0000000, 0x00000000e6300000, 0x0000000100000000)
  eden space 79872K, 100% used [0x00000000e0000000,0x00000000e4e00000,0x00000000e4e00000)
  from space 7680K, 0% used [0x00000000e5580000,0x00000000e5580000,0x00000000e5d00000)
  to   space 7680K, 0% used [0x00000000e4e00000,0x00000000e4e00000,0x00000000e5580000)
 ParOldGen       total 57344K, used 15832K [0x00000000a0000000, 0x00000000a3800000, 0x00000000e0000000)
  object space 57344K, 27% used [0x00000000a0000000,0x00000000a0f763c0,0x00000000a3800000)
 Metaspace       used 43500K, capacity 44280K, committed 44504K, reserved 1087488K
  class space    used 5860K, capacity 6070K, committed 6104K, reserved 1048576K
Event: 185.366 GC heap after
Heap after GC invocations=17 (full 2):
 PSYoungGen      total 87552K, used 7653K [0x00000000e0000000, 0x00000000e7d00000, 0x0000000100000000)
  eden space 79872K, 0% used [0x00000000e0000000,0x00000000e0000000,0x00000000e4e00000)
  from space 7680K, 99% used [0x00000000e4e00000,0x00000000e5579470,0x00000000e5580000)
  to   space 9728K, 0% used [0x00000000e7380000,0x00000000e7380000,0x00000000e7d00000)
 ParOldGen       total 57344K, used 19165K [0x00000000a0000000, 0x00000000a3800000, 0x00000000e0000000)
  object space 57344K, 33% used [0x00000000a0000000,0x00000000a12b77a8,0x00000000a3800000)
 Metaspace       used 43500K, capacity 44280K, committed 44504K, reserved 1087488K
  class space    used 5860K, capacity 6070K, committed 6104K, reserved 1048576K
}

